[2024-03-04T21:24:20.270+0000] {manager.py:469} INFO - Processing files using up to 2 processes at a time 
[2024-03-04T21:24:20.270+0000] {manager.py:470} INFO - Process each file at most once every 30 seconds
[2024-03-04T21:24:20.271+0000] {manager.py:471} INFO - Checking for new files in /opt/airflow/dags every 300 seconds
[2024-03-04T21:24:20.271+0000] {manager.py:738} INFO - Searching for files in /opt/airflow/dags
[2024-03-04T21:24:20.273+0000] {manager.py:741} INFO - There are 0 files in /opt/airflow/dags
[2024-03-04T21:29:20.734+0000] {manager.py:738} INFO - Searching for files in /opt/airflow/dags
[2024-03-04T21:29:20.734+0000] {manager.py:741} INFO - There are 0 files in /opt/airflow/dags
[2024-03-04T21:34:21.219+0000] {manager.py:738} INFO - Searching for files in /opt/airflow/dags
[2024-03-04T21:34:21.220+0000] {manager.py:741} INFO - There are 1 files in /opt/airflow/dags
[2024-03-04T21:34:23.266+0000] {manager.py:879} INFO - 
================================================================================
DAG File Processing Stats

File Path                        PID    Runtime      # DAGs    # Errors  Last Runtime    Last Run
-------------------------------  -----  ---------  --------  ----------  --------------  -------------------
/opt/airflow/dags/reddit_dag.py                           0           0  0.07s           2024-03-04T21:34:21
================================================================================
[2024-03-04T21:34:53.438+0000] {manager.py:879} INFO - 
================================================================================
DAG File Processing Stats

File Path                        PID    Runtime      # DAGs    # Errors  Last Runtime    Last Run
-------------------------------  -----  ---------  --------  ----------  --------------  -------------------
/opt/airflow/dags/reddit_dag.py                           0           0  0.07s           2024-03-04T21:34:51
================================================================================
[2024-03-04T21:35:23.609+0000] {manager.py:879} INFO - 
================================================================================
DAG File Processing Stats

File Path                        PID    Runtime      # DAGs    # Errors  Last Runtime    Last Run
-------------------------------  -----  ---------  --------  ----------  --------------  -------------------
/opt/airflow/dags/reddit_dag.py                           0           0  0.06s           2024-03-04T21:35:21
================================================================================
[2024-03-04T21:35:53.776+0000] {manager.py:879} INFO - 
================================================================================
DAG File Processing Stats

File Path                        PID    Runtime      # DAGs    # Errors  Last Runtime    Last Run
-------------------------------  -----  ---------  --------  ----------  --------------  -------------------
/opt/airflow/dags/reddit_dag.py                           0           0  0.06s           2024-03-04T21:35:51
================================================================================
[2024-03-04T21:36:23.959+0000] {manager.py:879} INFO - 
================================================================================
DAG File Processing Stats

File Path                        PID    Runtime      # DAGs    # Errors  Last Runtime    Last Run
-------------------------------  -----  ---------  --------  ----------  --------------  -------------------
/opt/airflow/dags/reddit_dag.py                           0           0  0.06s           2024-03-04T21:36:21
================================================================================
[2024-03-04T21:36:54.137+0000] {manager.py:879} INFO - 
================================================================================
DAG File Processing Stats

File Path                        PID    Runtime      # DAGs    # Errors  Last Runtime    Last Run
-------------------------------  -----  ---------  --------  ----------  --------------  -------------------
/opt/airflow/dags/reddit_dag.py                           0           0  0.06s           2024-03-04T21:36:52
================================================================================
[2024-03-04T21:37:24.315+0000] {manager.py:879} INFO - 
================================================================================
DAG File Processing Stats

File Path                        PID    Runtime      # DAGs    # Errors  Last Runtime    Last Run
-------------------------------  -----  ---------  --------  ----------  --------------  -------------------
/opt/airflow/dags/reddit_dag.py                           0           0  0.06s           2024-03-04T21:37:22
================================================================================
[2024-03-04T21:37:54.486+0000] {manager.py:879} INFO - 
================================================================================
DAG File Processing Stats

File Path                        PID    Runtime      # DAGs    # Errors  Last Runtime    Last Run
-------------------------------  -----  ---------  --------  ----------  --------------  -------------------
/opt/airflow/dags/reddit_dag.py                           0           0  0.06s           2024-03-04T21:37:52
================================================================================
[2024-03-04T21:38:24.665+0000] {manager.py:879} INFO - 
================================================================================
DAG File Processing Stats

File Path                        PID    Runtime      # DAGs    # Errors  Last Runtime    Last Run
-------------------------------  -----  ---------  --------  ----------  --------------  -------------------
/opt/airflow/dags/reddit_dag.py                           0           0  0.07s           2024-03-04T21:38:22
================================================================================
[2024-03-04T21:38:54.833+0000] {manager.py:879} INFO - 
================================================================================
DAG File Processing Stats

File Path                        PID    Runtime      # DAGs    # Errors  Last Runtime    Last Run
-------------------------------  -----  ---------  --------  ----------  --------------  -------------------
/opt/airflow/dags/reddit_dag.py                           0           0  0.06s           2024-03-04T21:38:52
================================================================================
[2024-03-04T21:39:21.969+0000] {manager.py:738} INFO - Searching for files in /opt/airflow/dags
[2024-03-04T21:39:21.971+0000] {manager.py:741} INFO - There are 1 files in /opt/airflow/dags
[2024-03-04T21:39:25.018+0000] {manager.py:879} INFO - 
================================================================================
DAG File Processing Stats

File Path                        PID    Runtime      # DAGs    # Errors  Last Runtime    Last Run
-------------------------------  -----  ---------  --------  ----------  --------------  -------------------
/opt/airflow/dags/reddit_dag.py                           0           0  0.05s           2024-03-04T21:39:23
================================================================================
[2024-03-04T21:39:55.178+0000] {manager.py:879} INFO - 
================================================================================
DAG File Processing Stats

File Path                        PID    Runtime      # DAGs    # Errors  Last Runtime    Last Run
-------------------------------  -----  ---------  --------  ----------  --------------  -------------------
/opt/airflow/dags/reddit_dag.py                           0           0  0.06s           2024-03-04T21:39:53
================================================================================
[2024-03-04T21:40:25.349+0000] {manager.py:879} INFO - 
================================================================================
DAG File Processing Stats

File Path                        PID    Runtime      # DAGs    # Errors  Last Runtime    Last Run
-------------------------------  -----  ---------  --------  ----------  --------------  -------------------
/opt/airflow/dags/reddit_dag.py                           0           0  0.06s           2024-03-04T21:40:23
================================================================================
[2024-03-04T21:40:55.526+0000] {manager.py:879} INFO - 
================================================================================
DAG File Processing Stats

File Path                        PID    Runtime      # DAGs    # Errors  Last Runtime    Last Run
-------------------------------  -----  ---------  --------  ----------  --------------  -------------------
/opt/airflow/dags/reddit_dag.py                           0           0  0.06s           2024-03-04T21:40:53
================================================================================
[2024-03-04T21:41:25.700+0000] {manager.py:879} INFO - 
================================================================================
DAG File Processing Stats

File Path                        PID    Runtime      # DAGs    # Errors  Last Runtime    Last Run
-------------------------------  -----  ---------  --------  ----------  --------------  -------------------
/opt/airflow/dags/reddit_dag.py                           0           0  0.06s           2024-03-04T21:41:23
================================================================================
[2024-03-04T21:41:55.875+0000] {manager.py:879} INFO - 
================================================================================
DAG File Processing Stats

File Path                        PID    Runtime      # DAGs    # Errors  Last Runtime    Last Run
-------------------------------  -----  ---------  --------  ----------  --------------  -------------------
/opt/airflow/dags/reddit_dag.py                           0           0  0.07s           2024-03-04T21:41:53
================================================================================
[2024-03-04T21:42:26.057+0000] {manager.py:879} INFO - 
================================================================================
DAG File Processing Stats

File Path                        PID    Runtime      # DAGs    # Errors  Last Runtime    Last Run
-------------------------------  -----  ---------  --------  ----------  --------------  -------------------
/opt/airflow/dags/reddit_dag.py                           0           0  0.06s           2024-03-04T21:42:24
================================================================================
[2024-03-04T21:42:56.238+0000] {manager.py:879} INFO - 
================================================================================
DAG File Processing Stats

File Path                        PID    Runtime      # DAGs    # Errors  Last Runtime    Last Run
-------------------------------  -----  ---------  --------  ----------  --------------  -------------------
/opt/airflow/dags/reddit_dag.py                           0           0  0.06s           2024-03-04T21:42:54
================================================================================
[2024-03-04T21:43:26.419+0000] {manager.py:879} INFO - 
================================================================================
DAG File Processing Stats

File Path                        PID    Runtime      # DAGs    # Errors  Last Runtime    Last Run
-------------------------------  -----  ---------  --------  ----------  --------------  -------------------
/opt/airflow/dags/reddit_dag.py                           0           0  0.06s           2024-03-04T21:43:24
================================================================================
[2024-03-04T21:43:56.594+0000] {manager.py:879} INFO - 
================================================================================
DAG File Processing Stats

File Path                        PID    Runtime      # DAGs    # Errors  Last Runtime    Last Run
-------------------------------  -----  ---------  --------  ----------  --------------  -------------------
/opt/airflow/dags/reddit_dag.py                           0           0  0.06s           2024-03-04T21:43:54
================================================================================
[2024-03-04T21:44:22.725+0000] {manager.py:738} INFO - Searching for files in /opt/airflow/dags
[2024-03-04T21:44:22.727+0000] {manager.py:741} INFO - There are 1 files in /opt/airflow/dags
[2024-03-04T21:44:26.778+0000] {manager.py:879} INFO - 
================================================================================
DAG File Processing Stats

File Path                        PID    Runtime      # DAGs    # Errors  Last Runtime    Last Run
-------------------------------  -----  ---------  --------  ----------  --------------  -------------------
/opt/airflow/dags/reddit_dag.py                           0           0  0.05s           2024-03-04T21:44:24
================================================================================
[2024-03-04T21:44:56.952+0000] {manager.py:879} INFO - 
================================================================================
DAG File Processing Stats

File Path                        PID    Runtime      # DAGs    # Errors  Last Runtime    Last Run
-------------------------------  -----  ---------  --------  ----------  --------------  -------------------
/opt/airflow/dags/reddit_dag.py                           0           0  0.07s           2024-03-04T21:44:54
================================================================================
[2024-03-04T21:45:27.136+0000] {manager.py:879} INFO - 
================================================================================
DAG File Processing Stats

File Path                        PID    Runtime      # DAGs    # Errors  Last Runtime    Last Run
-------------------------------  -----  ---------  --------  ----------  --------------  -------------------
/opt/airflow/dags/reddit_dag.py                           0           0  0.07s           2024-03-04T21:45:25
================================================================================
[2024-03-04T21:45:57.310+0000] {manager.py:879} INFO - 
================================================================================
DAG File Processing Stats

File Path                        PID    Runtime      # DAGs    # Errors  Last Runtime    Last Run
-------------------------------  -----  ---------  --------  ----------  --------------  -------------------
/opt/airflow/dags/reddit_dag.py                           0           0  0.07s           2024-03-04T21:45:55
================================================================================
[2024-03-04T21:46:27.486+0000] {manager.py:879} INFO - 
================================================================================
DAG File Processing Stats

File Path                        PID    Runtime      # DAGs    # Errors  Last Runtime    Last Run
-------------------------------  -----  ---------  --------  ----------  --------------  -------------------
/opt/airflow/dags/reddit_dag.py                           0           0  0.06s           2024-03-04T21:46:25
================================================================================
[2024-03-04T21:46:57.664+0000] {manager.py:879} INFO - 
================================================================================
DAG File Processing Stats

File Path                        PID    Runtime      # DAGs    # Errors  Last Runtime    Last Run
-------------------------------  -----  ---------  --------  ----------  --------------  -------------------
/opt/airflow/dags/reddit_dag.py                           0           0  0.06s           2024-03-04T21:46:55
================================================================================
[2024-03-04T21:47:27.841+0000] {manager.py:879} INFO - 
================================================================================
DAG File Processing Stats

File Path                        PID    Runtime      # DAGs    # Errors  Last Runtime    Last Run
-------------------------------  -----  ---------  --------  ----------  --------------  -------------------
/opt/airflow/dags/reddit_dag.py                           0           0  0.06s           2024-03-04T21:47:25
================================================================================
[2024-03-04T21:47:58.008+0000] {manager.py:879} INFO - 
================================================================================
DAG File Processing Stats

File Path                        PID    Runtime      # DAGs    # Errors  Last Runtime    Last Run
-------------------------------  -----  ---------  --------  ----------  --------------  -------------------
/opt/airflow/dags/reddit_dag.py                           0           0  0.07s           2024-03-04T21:47:56
================================================================================
[2024-03-04T21:48:28.185+0000] {manager.py:879} INFO - 
================================================================================
DAG File Processing Stats

File Path                        PID    Runtime      # DAGs    # Errors  Last Runtime    Last Run
-------------------------------  -----  ---------  --------  ----------  --------------  -------------------
/opt/airflow/dags/reddit_dag.py                           0           0  0.06s           2024-03-04T21:48:26
================================================================================
[2024-03-04T21:48:58.355+0000] {manager.py:879} INFO - 
================================================================================
DAG File Processing Stats

File Path                        PID    Runtime      # DAGs    # Errors  Last Runtime    Last Run
-------------------------------  -----  ---------  --------  ----------  --------------  -------------------
/opt/airflow/dags/reddit_dag.py                           0           0  0.06s           2024-03-04T21:48:56
================================================================================
[2024-03-04T21:49:23.485+0000] {manager.py:738} INFO - Searching for files in /opt/airflow/dags
[2024-03-04T21:49:23.487+0000] {manager.py:741} INFO - There are 1 files in /opt/airflow/dags
[2024-03-04T21:49:28.540+0000] {manager.py:879} INFO - 
================================================================================
DAG File Processing Stats

File Path                        PID    Runtime      # DAGs    # Errors  Last Runtime    Last Run
-------------------------------  -----  ---------  --------  ----------  --------------  -------------------
/opt/airflow/dags/reddit_dag.py                           0           0  0.06s           2024-03-04T21:49:26
================================================================================
[2024-03-04T21:49:58.702+0000] {manager.py:879} INFO - 
================================================================================
DAG File Processing Stats

File Path                        PID    Runtime      # DAGs    # Errors  Last Runtime    Last Run
-------------------------------  -----  ---------  --------  ----------  --------------  -------------------
/opt/airflow/dags/reddit_dag.py                           0           0  0.06s           2024-03-04T21:49:56
================================================================================
[2024-03-04T21:50:28.887+0000] {manager.py:879} INFO - 
================================================================================
DAG File Processing Stats

File Path                        PID    Runtime      # DAGs    # Errors  Last Runtime    Last Run
-------------------------------  -----  ---------  --------  ----------  --------------  -------------------
/opt/airflow/dags/reddit_dag.py                           0           0  0.07s           2024-03-04T21:50:26
================================================================================
[2024-03-04T21:50:59.063+0000] {manager.py:879} INFO - 
================================================================================
DAG File Processing Stats

File Path                        PID    Runtime      # DAGs    # Errors  Last Runtime    Last Run
-------------------------------  -----  ---------  --------  ----------  --------------  -------------------
/opt/airflow/dags/reddit_dag.py                           0           0  0.07s           2024-03-04T21:50:57
================================================================================
[2024-03-04T21:51:29.235+0000] {manager.py:879} INFO - 
================================================================================
DAG File Processing Stats

File Path                        PID    Runtime      # DAGs    # Errors  Last Runtime    Last Run
-------------------------------  -----  ---------  --------  ----------  --------------  -------------------
/opt/airflow/dags/reddit_dag.py                           0           0  0.06s           2024-03-04T21:51:27
================================================================================
[2024-03-04T21:51:59.412+0000] {manager.py:879} INFO - 
================================================================================
DAG File Processing Stats

File Path                        PID    Runtime      # DAGs    # Errors  Last Runtime    Last Run
-------------------------------  -----  ---------  --------  ----------  --------------  -------------------
/opt/airflow/dags/reddit_dag.py                           0           0  0.05s           2024-03-04T21:51:57
================================================================================
[2024-03-04T21:52:29.584+0000] {manager.py:879} INFO - 
================================================================================
DAG File Processing Stats

File Path                        PID    Runtime      # DAGs    # Errors  Last Runtime    Last Run
-------------------------------  -----  ---------  --------  ----------  --------------  -------------------
/opt/airflow/dags/reddit_dag.py                           0           0  0.06s           2024-03-04T21:52:27
================================================================================
[2024-03-04T21:52:59.767+0000] {manager.py:879} INFO - 
================================================================================
DAG File Processing Stats

File Path                        PID    Runtime      # DAGs    # Errors  Last Runtime    Last Run
-------------------------------  -----  ---------  --------  ----------  --------------  -------------------
/opt/airflow/dags/reddit_dag.py                           0           0  0.07s           2024-03-04T21:52:57
================================================================================
[2024-03-04T21:53:29.939+0000] {manager.py:879} INFO - 
================================================================================
DAG File Processing Stats

File Path                        PID    Runtime      # DAGs    # Errors  Last Runtime    Last Run
-------------------------------  -----  ---------  --------  ----------  --------------  -------------------
/opt/airflow/dags/reddit_dag.py                           0           0  0.06s           2024-03-04T21:53:27
================================================================================
[2024-03-04T21:54:00.115+0000] {manager.py:879} INFO - 
================================================================================
DAG File Processing Stats

File Path                        PID    Runtime      # DAGs    # Errors  Last Runtime    Last Run
-------------------------------  -----  ---------  --------  ----------  --------------  -------------------
/opt/airflow/dags/reddit_dag.py                           0           0  0.06s           2024-03-04T21:53:58
================================================================================
[2024-03-04T21:54:24.238+0000] {manager.py:738} INFO - Searching for files in /opt/airflow/dags
[2024-03-04T21:54:24.240+0000] {manager.py:741} INFO - There are 1 files in /opt/airflow/dags
[2024-03-04T21:54:30.308+0000] {manager.py:879} INFO - 
================================================================================
DAG File Processing Stats

File Path                        PID    Runtime      # DAGs    # Errors  Last Runtime    Last Run
-------------------------------  -----  ---------  --------  ----------  --------------  -------------------
/opt/airflow/dags/reddit_dag.py                           0           0  0.06s           2024-03-04T21:54:28
================================================================================
[2024-03-04T21:55:00.486+0000] {manager.py:879} INFO - 
================================================================================
DAG File Processing Stats

File Path                        PID    Runtime      # DAGs    # Errors  Last Runtime    Last Run
-------------------------------  -----  ---------  --------  ----------  --------------  -------------------
/opt/airflow/dags/reddit_dag.py                           0           0  0.06s           2024-03-04T21:54:58
================================================================================
[2024-03-04T21:55:30.668+0000] {manager.py:879} INFO - 
================================================================================
DAG File Processing Stats

File Path                        PID    Runtime      # DAGs    # Errors  Last Runtime    Last Run
-------------------------------  -----  ---------  --------  ----------  --------------  -------------------
/opt/airflow/dags/reddit_dag.py                           0           0  0.07s           2024-03-04T21:55:28
================================================================================
[2024-03-04T21:56:00.842+0000] {manager.py:879} INFO - 
================================================================================
DAG File Processing Stats

File Path                        PID    Runtime      # DAGs    # Errors  Last Runtime    Last Run
-------------------------------  -----  ---------  --------  ----------  --------------  -------------------
/opt/airflow/dags/reddit_dag.py                           0           0  0.06s           2024-03-04T21:55:58
================================================================================
[2024-03-04T21:56:31.009+0000] {manager.py:879} INFO - 
================================================================================
DAG File Processing Stats

File Path                        PID    Runtime      # DAGs    # Errors  Last Runtime    Last Run
-------------------------------  -----  ---------  --------  ----------  --------------  -------------------
/opt/airflow/dags/reddit_dag.py                           0           0  0.06s           2024-03-04T21:56:29
================================================================================
[2024-03-04T21:57:01.182+0000] {manager.py:879} INFO - 
================================================================================
DAG File Processing Stats

File Path                        PID    Runtime      # DAGs    # Errors  Last Runtime    Last Run
-------------------------------  -----  ---------  --------  ----------  --------------  -------------------
/opt/airflow/dags/reddit_dag.py                           0           0  0.06s           2024-03-04T21:56:59
================================================================================
[2024-03-04T21:57:31.362+0000] {manager.py:879} INFO - 
================================================================================
DAG File Processing Stats

File Path                        PID    Runtime      # DAGs    # Errors  Last Runtime    Last Run
-------------------------------  -----  ---------  --------  ----------  --------------  -------------------
/opt/airflow/dags/reddit_dag.py                           0           0  0.06s           2024-03-04T21:57:29
================================================================================
[2024-03-04T21:58:01.533+0000] {manager.py:879} INFO - 
================================================================================
DAG File Processing Stats

File Path                        PID    Runtime      # DAGs    # Errors  Last Runtime    Last Run
-------------------------------  -----  ---------  --------  ----------  --------------  -------------------
/opt/airflow/dags/reddit_dag.py                           0           0  0.06s           2024-03-04T21:57:59
================================================================================
[2024-03-04T21:58:31.696+0000] {manager.py:879} INFO - 
================================================================================
DAG File Processing Stats

File Path                        PID    Runtime      # DAGs    # Errors  Last Runtime    Last Run
-------------------------------  -----  ---------  --------  ----------  --------------  -------------------
/opt/airflow/dags/reddit_dag.py                           0           0  0.08s           2024-03-04T21:58:29
================================================================================
[2024-03-04T21:59:01.880+0000] {manager.py:879} INFO - 
================================================================================
DAG File Processing Stats

File Path                        PID    Runtime      # DAGs    # Errors  Last Runtime    Last Run
-------------------------------  -----  ---------  --------  ----------  --------------  -------------------
/opt/airflow/dags/reddit_dag.py                           0           0  0.06s           2024-03-04T21:58:59
================================================================================
[2024-03-04T21:59:24.997+0000] {manager.py:738} INFO - Searching for files in /opt/airflow/dags
[2024-03-04T21:59:24.998+0000] {manager.py:741} INFO - There are 1 files in /opt/airflow/dags
[2024-03-04T21:59:32.068+0000] {manager.py:879} INFO - 
================================================================================
DAG File Processing Stats

File Path                        PID    Runtime      # DAGs    # Errors  Last Runtime    Last Run
-------------------------------  -----  ---------  --------  ----------  --------------  -------------------
/opt/airflow/dags/reddit_dag.py                           0           0  0.06s           2024-03-04T21:59:30
================================================================================
[2024-03-04T22:00:02.241+0000] {manager.py:879} INFO - 
================================================================================
DAG File Processing Stats

File Path                        PID    Runtime      # DAGs    # Errors  Last Runtime    Last Run
-------------------------------  -----  ---------  --------  ----------  --------------  -------------------
/opt/airflow/dags/reddit_dag.py                           0           0  0.05s           2024-03-04T22:00:00
================================================================================
[2024-03-04T22:00:32.418+0000] {manager.py:879} INFO - 
================================================================================
DAG File Processing Stats

File Path                        PID    Runtime      # DAGs    # Errors  Last Runtime    Last Run
-------------------------------  -----  ---------  --------  ----------  --------------  -------------------
/opt/airflow/dags/reddit_dag.py                           0           0  0.06s           2024-03-04T22:00:30
================================================================================
[2024-03-04T22:01:02.603+0000] {manager.py:879} INFO - 
================================================================================
DAG File Processing Stats

File Path                        PID    Runtime      # DAGs    # Errors  Last Runtime    Last Run
-------------------------------  -----  ---------  --------  ----------  --------------  -------------------
/opt/airflow/dags/reddit_dag.py                           0           0  0.06s           2024-03-04T22:01:00
================================================================================
[2024-03-04T22:01:32.781+0000] {manager.py:879} INFO - 
================================================================================
DAG File Processing Stats

File Path                        PID    Runtime      # DAGs    # Errors  Last Runtime    Last Run
-------------------------------  -----  ---------  --------  ----------  --------------  -------------------
/opt/airflow/dags/reddit_dag.py                           0           0  0.06s           2024-03-04T22:01:30
================================================================================
[2024-03-04T22:02:02.955+0000] {manager.py:879} INFO - 
================================================================================
DAG File Processing Stats

File Path                        PID    Runtime      # DAGs    # Errors  Last Runtime    Last Run
-------------------------------  -----  ---------  --------  ----------  --------------  -------------------
/opt/airflow/dags/reddit_dag.py                           0           0  0.06s           2024-03-04T22:02:00
================================================================================
[2024-03-04T22:02:33.135+0000] {manager.py:879} INFO - 
================================================================================
DAG File Processing Stats

File Path                        PID    Runtime      # DAGs    # Errors  Last Runtime    Last Run
-------------------------------  -----  ---------  --------  ----------  --------------  -------------------
/opt/airflow/dags/reddit_dag.py                           0           0  0.07s           2024-03-04T22:02:31
================================================================================
[2024-03-04T22:03:03.317+0000] {manager.py:879} INFO - 
================================================================================
DAG File Processing Stats

File Path                        PID    Runtime      # DAGs    # Errors  Last Runtime    Last Run
-------------------------------  -----  ---------  --------  ----------  --------------  -------------------
/opt/airflow/dags/reddit_dag.py                           0           0  0.08s           2024-03-04T22:03:01
================================================================================
[2024-03-04T22:03:33.502+0000] {manager.py:879} INFO - 
================================================================================
DAG File Processing Stats

File Path                        PID    Runtime      # DAGs    # Errors  Last Runtime    Last Run
-------------------------------  -----  ---------  --------  ----------  --------------  -------------------
/opt/airflow/dags/reddit_dag.py                           0           0  0.07s           2024-03-04T22:03:31
================================================================================
[2024-03-04T22:04:03.669+0000] {manager.py:879} INFO - 
================================================================================
DAG File Processing Stats

File Path                        PID    Runtime      # DAGs    # Errors  Last Runtime    Last Run
-------------------------------  -----  ---------  --------  ----------  --------------  -------------------
/opt/airflow/dags/reddit_dag.py                           0           0  0.06s           2024-03-04T22:04:01
================================================================================
[2024-03-04T22:04:25.779+0000] {manager.py:738} INFO - Searching for files in /opt/airflow/dags
[2024-03-04T22:04:25.781+0000] {manager.py:741} INFO - There are 1 files in /opt/airflow/dags
[2024-03-04T22:04:33.856+0000] {manager.py:879} INFO - 
================================================================================
DAG File Processing Stats

File Path                        PID    Runtime      # DAGs    # Errors  Last Runtime    Last Run
-------------------------------  -----  ---------  --------  ----------  --------------  -------------------
/opt/airflow/dags/reddit_dag.py                           0           0  0.07s           2024-03-04T22:04:31
================================================================================
[2024-03-04T22:05:04.038+0000] {manager.py:879} INFO - 
================================================================================
DAG File Processing Stats

File Path                        PID    Runtime      # DAGs    # Errors  Last Runtime    Last Run
-------------------------------  -----  ---------  --------  ----------  --------------  -------------------
/opt/airflow/dags/reddit_dag.py                           0           0  0.07s           2024-03-04T22:05:02
================================================================================
[2024-03-04T22:05:34.219+0000] {manager.py:879} INFO - 
================================================================================
DAG File Processing Stats

File Path                        PID    Runtime      # DAGs    # Errors  Last Runtime    Last Run
-------------------------------  -----  ---------  --------  ----------  --------------  -------------------
/opt/airflow/dags/reddit_dag.py                           0           0  0.05s           2024-03-04T22:05:32
================================================================================
[2024-03-04T22:06:04.388+0000] {manager.py:879} INFO - 
================================================================================
DAG File Processing Stats

File Path                        PID    Runtime      # DAGs    # Errors  Last Runtime    Last Run
-------------------------------  -----  ---------  --------  ----------  --------------  -------------------
/opt/airflow/dags/reddit_dag.py                           0           0  0.07s           2024-03-04T22:06:02
================================================================================
[2024-03-04T22:06:34.565+0000] {manager.py:879} INFO - 
================================================================================
DAG File Processing Stats

File Path                        PID    Runtime      # DAGs    # Errors  Last Runtime    Last Run
-------------------------------  -----  ---------  --------  ----------  --------------  -------------------
/opt/airflow/dags/reddit_dag.py                           0           0  0.07s           2024-03-04T22:06:32
================================================================================
[2024-03-04T22:07:04.727+0000] {manager.py:879} INFO - 
================================================================================
DAG File Processing Stats

File Path                        PID    Runtime      # DAGs    # Errors  Last Runtime    Last Run
-------------------------------  -----  ---------  --------  ----------  --------------  -------------------
/opt/airflow/dags/reddit_dag.py                           0           0  0.06s           2024-03-04T22:07:02
================================================================================
[2024-03-04T22:07:34.910+0000] {manager.py:879} INFO - 
================================================================================
DAG File Processing Stats

File Path                        PID    Runtime      # DAGs    # Errors  Last Runtime    Last Run
-------------------------------  -----  ---------  --------  ----------  --------------  -------------------
/opt/airflow/dags/reddit_dag.py                           0           0  0.06s           2024-03-04T22:07:32
================================================================================
[2024-03-04T22:08:05.089+0000] {manager.py:879} INFO - 
================================================================================
DAG File Processing Stats

File Path                        PID    Runtime      # DAGs    # Errors  Last Runtime    Last Run
-------------------------------  -----  ---------  --------  ----------  --------------  -------------------
/opt/airflow/dags/reddit_dag.py                           0           0  0.07s           2024-03-04T22:08:03
================================================================================
[2024-03-04T22:08:35.275+0000] {manager.py:879} INFO - 
================================================================================
DAG File Processing Stats

File Path                        PID    Runtime      # DAGs    # Errors  Last Runtime    Last Run
-------------------------------  -----  ---------  --------  ----------  --------------  -------------------
/opt/airflow/dags/reddit_dag.py                           0           0  0.07s           2024-03-04T22:08:33
================================================================================
[2024-03-04T22:09:05.451+0000] {manager.py:879} INFO - 
================================================================================
DAG File Processing Stats

File Path                        PID    Runtime      # DAGs    # Errors  Last Runtime    Last Run
-------------------------------  -----  ---------  --------  ----------  --------------  -------------------
/opt/airflow/dags/reddit_dag.py                           0           0  0.06s           2024-03-04T22:09:03
================================================================================
[2024-03-04T22:09:26.553+0000] {manager.py:738} INFO - Searching for files in /opt/airflow/dags
[2024-03-04T22:09:26.555+0000] {manager.py:741} INFO - There are 1 files in /opt/airflow/dags
[2024-03-04T22:09:35.631+0000] {manager.py:879} INFO - 
================================================================================
DAG File Processing Stats

File Path                        PID    Runtime      # DAGs    # Errors  Last Runtime    Last Run
-------------------------------  -----  ---------  --------  ----------  --------------  -------------------
/opt/airflow/dags/reddit_dag.py                           0           0  0.06s           2024-03-04T22:09:33
================================================================================
[2024-03-04T22:10:05.814+0000] {manager.py:879} INFO - 
================================================================================
DAG File Processing Stats

File Path                        PID    Runtime      # DAGs    # Errors  Last Runtime    Last Run
-------------------------------  -----  ---------  --------  ----------  --------------  -------------------
/opt/airflow/dags/reddit_dag.py                           0           0  0.06s           2024-03-04T22:10:03
================================================================================
[2024-03-04T22:10:35.997+0000] {manager.py:879} INFO - 
================================================================================
DAG File Processing Stats

File Path                        PID    Runtime      # DAGs    # Errors  Last Runtime    Last Run
-------------------------------  -----  ---------  --------  ----------  --------------  -------------------
/opt/airflow/dags/reddit_dag.py                           0           0  0.06s           2024-03-04T22:10:34
================================================================================
[2024-03-04T22:11:06.180+0000] {manager.py:879} INFO - 
================================================================================
DAG File Processing Stats

File Path                        PID    Runtime      # DAGs    # Errors  Last Runtime    Last Run
-------------------------------  -----  ---------  --------  ----------  --------------  -------------------
/opt/airflow/dags/reddit_dag.py                           0           0  0.07s           2024-03-04T22:11:04
================================================================================
[2024-03-04T22:11:36.375+0000] {manager.py:879} INFO - 
================================================================================
DAG File Processing Stats

File Path                        PID    Runtime      # DAGs    # Errors  Last Runtime    Last Run
-------------------------------  -----  ---------  --------  ----------  --------------  -------------------
/opt/airflow/dags/reddit_dag.py                           0           0  0.07s           2024-03-04T22:11:34
================================================================================
[2024-03-04T22:12:06.567+0000] {manager.py:879} INFO - 
================================================================================
DAG File Processing Stats

File Path                        PID    Runtime      # DAGs    # Errors  Last Runtime    Last Run
-------------------------------  -----  ---------  --------  ----------  --------------  -------------------
/opt/airflow/dags/reddit_dag.py                           0           0  0.06s           2024-03-04T22:12:04
================================================================================
[2024-03-04T22:12:36.745+0000] {manager.py:879} INFO - 
================================================================================
DAG File Processing Stats

File Path                        PID    Runtime      # DAGs    # Errors  Last Runtime    Last Run
-------------------------------  -----  ---------  --------  ----------  --------------  -------------------
/opt/airflow/dags/reddit_dag.py                           0           0  0.07s           2024-03-04T22:12:34
================================================================================
[2024-03-04T22:13:06.923+0000] {manager.py:879} INFO - 
================================================================================
DAG File Processing Stats

File Path                        PID    Runtime      # DAGs    # Errors  Last Runtime    Last Run
-------------------------------  -----  ---------  --------  ----------  --------------  -------------------
/opt/airflow/dags/reddit_dag.py                           0           0  0.06s           2024-03-04T22:13:04
================================================================================
[2024-03-04T22:13:37.102+0000] {manager.py:879} INFO - 
================================================================================
DAG File Processing Stats

File Path                        PID    Runtime      # DAGs    # Errors  Last Runtime    Last Run
-------------------------------  -----  ---------  --------  ----------  --------------  -------------------
/opt/airflow/dags/reddit_dag.py                           0           0  0.08s           2024-03-04T22:13:35
================================================================================
[2024-03-04T22:14:07.299+0000] {manager.py:879} INFO - 
================================================================================
DAG File Processing Stats

File Path                        PID    Runtime      # DAGs    # Errors  Last Runtime    Last Run
-------------------------------  -----  ---------  --------  ----------  --------------  -------------------
/opt/airflow/dags/reddit_dag.py                           0           0  0.07s           2024-03-04T22:14:05
================================================================================
[2024-03-04T22:14:27.399+0000] {manager.py:738} INFO - Searching for files in /opt/airflow/dags
[2024-03-04T22:14:27.400+0000] {manager.py:741} INFO - There are 1 files in /opt/airflow/dags
[2024-03-04T22:14:37.483+0000] {manager.py:879} INFO - 
================================================================================
DAG File Processing Stats

File Path                        PID    Runtime      # DAGs    # Errors  Last Runtime    Last Run
-------------------------------  -----  ---------  --------  ----------  --------------  -------------------
/opt/airflow/dags/reddit_dag.py                           0           0  0.07s           2024-03-04T22:14:35
================================================================================
[2024-03-04T22:15:07.668+0000] {manager.py:879} INFO - 
================================================================================
DAG File Processing Stats

File Path                        PID    Runtime      # DAGs    # Errors  Last Runtime    Last Run
-------------------------------  -----  ---------  --------  ----------  --------------  -------------------
/opt/airflow/dags/reddit_dag.py                           0           0  0.07s           2024-03-04T22:15:05
================================================================================
[2024-03-04T22:15:37.859+0000] {manager.py:879} INFO - 
================================================================================
DAG File Processing Stats

File Path                        PID    Runtime      # DAGs    # Errors  Last Runtime    Last Run
-------------------------------  -----  ---------  --------  ----------  --------------  -------------------
/opt/airflow/dags/reddit_dag.py                           0           0  0.08s           2024-03-04T22:15:35
================================================================================
[2024-03-04T22:16:08.042+0000] {manager.py:879} INFO - 
================================================================================
DAG File Processing Stats

File Path                        PID    Runtime      # DAGs    # Errors  Last Runtime    Last Run
-------------------------------  -----  ---------  --------  ----------  --------------  -------------------
/opt/airflow/dags/reddit_dag.py                           0           0  0.06s           2024-03-04T22:16:06
================================================================================
[2024-03-04T22:16:38.222+0000] {manager.py:879} INFO - 
================================================================================
DAG File Processing Stats

File Path                        PID    Runtime      # DAGs    # Errors  Last Runtime    Last Run
-------------------------------  -----  ---------  --------  ----------  --------------  -------------------
/opt/airflow/dags/reddit_dag.py                           0           0  0.06s           2024-03-04T22:16:36
================================================================================
[2024-03-04T22:17:08.399+0000] {manager.py:879} INFO - 
================================================================================
DAG File Processing Stats

File Path                        PID    Runtime      # DAGs    # Errors  Last Runtime    Last Run
-------------------------------  -----  ---------  --------  ----------  --------------  -------------------
/opt/airflow/dags/reddit_dag.py                           0           0  0.06s           2024-03-04T22:17:06
================================================================================
[2024-03-04T22:17:38.566+0000] {manager.py:879} INFO - 
================================================================================
DAG File Processing Stats

File Path                        PID    Runtime      # DAGs    # Errors  Last Runtime    Last Run
-------------------------------  -----  ---------  --------  ----------  --------------  -------------------
/opt/airflow/dags/reddit_dag.py                           0           0  0.06s           2024-03-04T22:17:36
================================================================================
[2024-03-04T22:18:08.749+0000] {manager.py:879} INFO - 
================================================================================
DAG File Processing Stats

File Path                        PID    Runtime      # DAGs    # Errors  Last Runtime    Last Run
-------------------------------  -----  ---------  --------  ----------  --------------  -------------------
/opt/airflow/dags/reddit_dag.py                           0           1  0.07s           2024-03-04T22:17:54
================================================================================
[2024-03-04T22:18:38.923+0000] {manager.py:879} INFO - 
================================================================================
DAG File Processing Stats

File Path                        PID    Runtime      # DAGs    # Errors  Last Runtime    Last Run
-------------------------------  -----  ---------  --------  ----------  --------------  -------------------
/opt/airflow/dags/reddit_dag.py                           0           1  0.08s           2024-03-04T22:18:24
================================================================================
[2024-03-04T22:19:09.128+0000] {manager.py:879} INFO - 
================================================================================
DAG File Processing Stats

File Path                        PID    Runtime      # DAGs    # Errors  Last Runtime    Last Run
-------------------------------  -----  ---------  --------  ----------  --------------  -------------------
/opt/airflow/dags/reddit_dag.py                           0           1  0.08s           2024-03-04T22:18:55
================================================================================
[2024-03-04T22:19:28.236+0000] {manager.py:738} INFO - Searching for files in /opt/airflow/dags
[2024-03-04T22:19:28.238+0000] {manager.py:741} INFO - There are 1 files in /opt/airflow/dags
[2024-03-04T22:19:39.302+0000] {manager.py:879} INFO - 
================================================================================
DAG File Processing Stats

File Path                        PID    Runtime      # DAGs    # Errors  Last Runtime    Last Run
-------------------------------  -----  ---------  --------  ----------  --------------  -------------------
/opt/airflow/dags/reddit_dag.py                           0           1  0.07s           2024-03-04T22:19:25
================================================================================
[2024-03-04T22:20:09.483+0000] {manager.py:879} INFO - 
================================================================================
DAG File Processing Stats

File Path                        PID    Runtime      # DAGs    # Errors  Last Runtime    Last Run
-------------------------------  -----  ---------  --------  ----------  --------------  -------------------
/opt/airflow/dags/reddit_dag.py                           0           1  0.09s           2024-03-04T22:19:55
================================================================================
[2024-03-04T22:20:39.683+0000] {manager.py:879} INFO - 
================================================================================
DAG File Processing Stats

File Path                        PID    Runtime      # DAGs    # Errors  Last Runtime    Last Run
-------------------------------  -----  ---------  --------  ----------  --------------  -------------------
/opt/airflow/dags/reddit_dag.py                           0           1  0.08s           2024-03-04T22:20:25
================================================================================
[2024-03-04T22:21:09.855+0000] {manager.py:879} INFO - 
================================================================================
DAG File Processing Stats

File Path                        PID    Runtime      # DAGs    # Errors  Last Runtime    Last Run
-------------------------------  -----  ---------  --------  ----------  --------------  -------------------
/opt/airflow/dags/reddit_dag.py                           0           1  0.07s           2024-03-04T22:20:55
================================================================================
[2024-03-04T22:21:40.047+0000] {manager.py:879} INFO - 
================================================================================
DAG File Processing Stats

File Path                        PID    Runtime      # DAGs    # Errors  Last Runtime    Last Run
-------------------------------  -----  ---------  --------  ----------  --------------  -------------------
/opt/airflow/dags/reddit_dag.py                           0           1  0.07s           2024-03-04T22:21:26
================================================================================
[2024-03-04T22:22:10.221+0000] {manager.py:879} INFO - 
================================================================================
DAG File Processing Stats

File Path                        PID    Runtime      # DAGs    # Errors  Last Runtime    Last Run
-------------------------------  -----  ---------  --------  ----------  --------------  -------------------
/opt/airflow/dags/reddit_dag.py                           0           1  0.07s           2024-03-04T22:21:56
================================================================================
[2024-03-04T22:22:40.406+0000] {manager.py:879} INFO - 
================================================================================
DAG File Processing Stats

File Path                        PID    Runtime      # DAGs    # Errors  Last Runtime    Last Run
-------------------------------  -----  ---------  --------  ----------  --------------  -------------------
/opt/airflow/dags/reddit_dag.py                           0           1  0.08s           2024-03-04T22:22:26
================================================================================
[2024-03-04T22:23:10.577+0000] {manager.py:879} INFO - 
================================================================================
DAG File Processing Stats

File Path                        PID    Runtime      # DAGs    # Errors  Last Runtime    Last Run
-------------------------------  -----  ---------  --------  ----------  --------------  -------------------
/opt/airflow/dags/reddit_dag.py                           0           1  0.07s           2024-03-04T22:22:56
================================================================================
[2024-03-04T22:23:40.767+0000] {manager.py:879} INFO - 
================================================================================
DAG File Processing Stats

File Path                        PID    Runtime      # DAGs    # Errors  Last Runtime    Last Run
-------------------------------  -----  ---------  --------  ----------  --------------  -------------------
/opt/airflow/dags/reddit_dag.py                           0           1  0.07s           2024-03-04T22:23:26
================================================================================
[2024-03-04T22:24:10.951+0000] {manager.py:879} INFO - 
================================================================================
DAG File Processing Stats

File Path                        PID    Runtime      # DAGs    # Errors  Last Runtime    Last Run
-------------------------------  -----  ---------  --------  ----------  --------------  -------------------
/opt/airflow/dags/reddit_dag.py                           0           1  0.09s           2024-03-04T22:23:56
================================================================================
[2024-03-04T22:24:29.077+0000] {manager.py:738} INFO - Searching for files in /opt/airflow/dags
[2024-03-04T22:24:29.079+0000] {manager.py:741} INFO - There are 1 files in /opt/airflow/dags
[2024-03-04T22:24:41.158+0000] {manager.py:879} INFO - 
================================================================================
DAG File Processing Stats

File Path                        PID    Runtime      # DAGs    # Errors  Last Runtime    Last Run
-------------------------------  -----  ---------  --------  ----------  --------------  -------------------
/opt/airflow/dags/reddit_dag.py                           0           1  0.08s           2024-03-04T22:24:27
================================================================================
[2024-03-04T22:25:11.343+0000] {manager.py:879} INFO - 
================================================================================
DAG File Processing Stats

File Path                        PID    Runtime      # DAGs    # Errors  Last Runtime    Last Run
-------------------------------  -----  ---------  --------  ----------  --------------  -------------------
/opt/airflow/dags/reddit_dag.py                           0           1  0.08s           2024-03-04T22:24:57
================================================================================
[2024-03-04T22:25:41.536+0000] {manager.py:879} INFO - 
================================================================================
DAG File Processing Stats

File Path                        PID    Runtime      # DAGs    # Errors  Last Runtime    Last Run
-------------------------------  -----  ---------  --------  ----------  --------------  -------------------
/opt/airflow/dags/reddit_dag.py                           0           1  0.07s           2024-03-04T22:25:27
================================================================================
[2024-03-04T22:26:11.720+0000] {manager.py:879} INFO - 
================================================================================
DAG File Processing Stats

File Path                        PID    Runtime      # DAGs    # Errors  Last Runtime    Last Run
-------------------------------  -----  ---------  --------  ----------  --------------  -------------------
/opt/airflow/dags/reddit_dag.py                           0           1  0.08s           2024-03-04T22:25:57
================================================================================
[2024-03-04T22:26:41.919+0000] {manager.py:879} INFO - 
================================================================================
DAG File Processing Stats

File Path                        PID    Runtime      # DAGs    # Errors  Last Runtime    Last Run
-------------------------------  -----  ---------  --------  ----------  --------------  -------------------
/opt/airflow/dags/reddit_dag.py                           0           1  0.08s           2024-03-04T22:26:27
================================================================================
[2024-03-04T22:27:12.102+0000] {manager.py:879} INFO - 
================================================================================
DAG File Processing Stats

File Path                        PID    Runtime      # DAGs    # Errors  Last Runtime    Last Run
-------------------------------  -----  ---------  --------  ----------  --------------  -------------------
/opt/airflow/dags/reddit_dag.py                           0           1  0.07s           2024-03-04T22:26:58
================================================================================
[2024-03-04T22:27:42.288+0000] {manager.py:879} INFO - 
================================================================================
DAG File Processing Stats

File Path                        PID    Runtime      # DAGs    # Errors  Last Runtime    Last Run
-------------------------------  -----  ---------  --------  ----------  --------------  -------------------
/opt/airflow/dags/reddit_dag.py                           0           1  0.07s           2024-03-04T22:27:28
================================================================================
[2024-03-04T22:28:12.462+0000] {manager.py:879} INFO - 
================================================================================
DAG File Processing Stats

File Path                        PID    Runtime      # DAGs    # Errors  Last Runtime    Last Run
-------------------------------  -----  ---------  --------  ----------  --------------  -------------------
/opt/airflow/dags/reddit_dag.py                           0           1  0.07s           2024-03-04T22:27:58
================================================================================
[2024-03-04T22:28:42.645+0000] {manager.py:879} INFO - 
================================================================================
DAG File Processing Stats

File Path                        PID    Runtime      # DAGs    # Errors  Last Runtime    Last Run
-------------------------------  -----  ---------  --------  ----------  --------------  -------------------
/opt/airflow/dags/reddit_dag.py                           0           1  0.08s           2024-03-04T22:28:28
================================================================================
[2024-03-04T22:29:12.826+0000] {manager.py:879} INFO - 
================================================================================
DAG File Processing Stats

File Path                        PID    Runtime      # DAGs    # Errors  Last Runtime    Last Run
-------------------------------  -----  ---------  --------  ----------  --------------  -------------------
/opt/airflow/dags/reddit_dag.py                           0           1  0.07s           2024-03-04T22:28:58
================================================================================
[2024-03-04T22:29:29.945+0000] {manager.py:738} INFO - Searching for files in /opt/airflow/dags
[2024-03-04T22:29:29.947+0000] {manager.py:741} INFO - There are 1 files in /opt/airflow/dags
[2024-03-04T22:29:43.029+0000] {manager.py:879} INFO - 
================================================================================
DAG File Processing Stats

File Path                        PID    Runtime      # DAGs    # Errors  Last Runtime    Last Run
-------------------------------  -----  ---------  --------  ----------  --------------  -------------------
/opt/airflow/dags/reddit_dag.py                           0           1  0.07s           2024-03-04T22:29:28
================================================================================
[2024-03-04T22:30:13.203+0000] {manager.py:879} INFO - 
================================================================================
DAG File Processing Stats

File Path                        PID    Runtime      # DAGs    # Errors  Last Runtime    Last Run
-------------------------------  -----  ---------  --------  ----------  --------------  -------------------
/opt/airflow/dags/reddit_dag.py                           0           1  0.07s           2024-03-04T22:29:59
================================================================================
[2024-03-04T22:30:43.400+0000] {manager.py:879} INFO - 
================================================================================
DAG File Processing Stats

File Path                        PID    Runtime      # DAGs    # Errors  Last Runtime    Last Run
-------------------------------  -----  ---------  --------  ----------  --------------  -------------------
/opt/airflow/dags/reddit_dag.py                           0           1  0.09s           2024-03-04T22:30:29
================================================================================
[2024-03-04T22:31:13.574+0000] {manager.py:879} INFO - 
================================================================================
DAG File Processing Stats

File Path                        PID    Runtime      # DAGs    # Errors  Last Runtime    Last Run
-------------------------------  -----  ---------  --------  ----------  --------------  -------------------
/opt/airflow/dags/reddit_dag.py                           0           1  0.07s           2024-03-04T22:30:59
================================================================================
[2024-03-04T22:31:43.760+0000] {manager.py:879} INFO - 
================================================================================
DAG File Processing Stats

File Path                        PID    Runtime      # DAGs    # Errors  Last Runtime    Last Run
-------------------------------  -----  ---------  --------  ----------  --------------  -------------------
/opt/airflow/dags/reddit_dag.py                           0           1  0.07s           2024-03-04T22:31:29
================================================================================
[2024-03-04T22:32:13.931+0000] {manager.py:879} INFO - 
================================================================================
DAG File Processing Stats

File Path                        PID    Runtime      # DAGs    # Errors  Last Runtime    Last Run
-------------------------------  -----  ---------  --------  ----------  --------------  -------------------
/opt/airflow/dags/reddit_dag.py                           0           1  0.07s           2024-03-04T22:31:59
================================================================================
[2024-03-04T22:32:44.119+0000] {manager.py:879} INFO - 
================================================================================
DAG File Processing Stats

File Path                        PID    Runtime      # DAGs    # Errors  Last Runtime    Last Run
-------------------------------  -----  ---------  --------  ----------  --------------  -------------------
/opt/airflow/dags/reddit_dag.py                           0           1  0.07s           2024-03-04T22:32:30
================================================================================
[2024-03-04T22:33:14.297+0000] {manager.py:879} INFO - 
================================================================================
DAG File Processing Stats

File Path                        PID    Runtime      # DAGs    # Errors  Last Runtime    Last Run
-------------------------------  -----  ---------  --------  ----------  --------------  -------------------
/opt/airflow/dags/reddit_dag.py                           0           1  0.07s           2024-03-04T22:33:00
================================================================================
[2024-03-04T22:33:44.474+0000] {manager.py:879} INFO - 
================================================================================
DAG File Processing Stats

File Path                        PID    Runtime      # DAGs    # Errors  Last Runtime    Last Run
-------------------------------  -----  ---------  --------  ----------  --------------  -------------------
/opt/airflow/dags/reddit_dag.py                           0           1  0.07s           2024-03-04T22:33:30
================================================================================
[2024-03-04T22:34:14.651+0000] {manager.py:879} INFO - 
================================================================================
DAG File Processing Stats

File Path                        PID    Runtime      # DAGs    # Errors  Last Runtime    Last Run
-------------------------------  -----  ---------  --------  ----------  --------------  -------------------
/opt/airflow/dags/reddit_dag.py                           0           1  0.07s           2024-03-04T22:34:00
================================================================================
[2024-03-04T22:34:30.729+0000] {manager.py:738} INFO - Searching for files in /opt/airflow/dags
[2024-03-04T22:34:30.731+0000] {manager.py:741} INFO - There are 1 files in /opt/airflow/dags
[2024-03-04T22:34:44.839+0000] {manager.py:879} INFO - 
================================================================================
DAG File Processing Stats

File Path                        PID    Runtime      # DAGs    # Errors  Last Runtime    Last Run
-------------------------------  -----  ---------  --------  ----------  --------------  -------------------
/opt/airflow/dags/reddit_dag.py                           0           1  0.07s           2024-03-04T22:34:30
================================================================================
[2024-03-04T22:35:15.025+0000] {manager.py:879} INFO - 
================================================================================
DAG File Processing Stats

File Path                        PID    Runtime      # DAGs    # Errors  Last Runtime    Last Run
-------------------------------  -----  ---------  --------  ----------  --------------  -------------------
/opt/airflow/dags/reddit_dag.py                           0           1  0.07s           2024-03-04T22:35:00
================================================================================
[2024-03-04T22:35:45.214+0000] {manager.py:879} INFO - 
================================================================================
DAG File Processing Stats

File Path                        PID    Runtime      # DAGs    # Errors  Last Runtime    Last Run
-------------------------------  -----  ---------  --------  ----------  --------------  -------------------
/opt/airflow/dags/reddit_dag.py                           0           1  0.11s           2024-03-04T22:35:31
================================================================================
[2024-03-04T22:36:15.420+0000] {manager.py:879} INFO - 
================================================================================
DAG File Processing Stats

File Path                        PID    Runtime      # DAGs    # Errors  Last Runtime    Last Run
-------------------------------  -----  ---------  --------  ----------  --------------  -------------------
/opt/airflow/dags/reddit_dag.py                           0           1  0.08s           2024-03-04T22:36:01
================================================================================
[2024-03-04T22:36:45.586+0000] {manager.py:879} INFO - 
================================================================================
DAG File Processing Stats

File Path                        PID    Runtime      # DAGs    # Errors  Last Runtime    Last Run
-------------------------------  -----  ---------  --------  ----------  --------------  -------------------
/opt/airflow/dags/reddit_dag.py                           0           1  0.07s           2024-03-04T22:36:31
================================================================================
[2024-03-04T22:37:15.847+0000] {manager.py:879} INFO - 
================================================================================
DAG File Processing Stats

File Path                        PID    Runtime      # DAGs    # Errors  Last Runtime    Last Run
-------------------------------  -----  ---------  --------  ----------  --------------  -------------------
/opt/airflow/dags/reddit_dag.py                           0           1  0.16s           2024-03-04T22:37:01
================================================================================
[2024-03-04T22:37:46.163+0000] {manager.py:879} INFO - 
================================================================================
DAG File Processing Stats

File Path                        PID    Runtime      # DAGs    # Errors  Last Runtime    Last Run
-------------------------------  -----  ---------  --------  ----------  --------------  -------------------
/opt/airflow/dags/reddit_dag.py                           0           1  0.13s           2024-03-04T22:37:32
================================================================================
[2024-03-04T22:38:15.539+0000] {manager.py:451} INFO - Exiting gracefully upon receiving signal 15
[2024-03-04T22:38:57.807+0000] {manager.py:469} INFO - Processing files using up to 2 processes at a time 
[2024-03-04T22:38:57.811+0000] {manager.py:470} INFO - Process each file at most once every 30 seconds
[2024-03-04T22:38:57.812+0000] {manager.py:471} INFO - Checking for new files in /opt/airflow/dags every 300 seconds
[2024-03-04T22:38:57.812+0000] {manager.py:738} INFO - Searching for files in /opt/airflow/dags
[2024-03-04T22:38:57.815+0000] {manager.py:741} INFO - There are 1 files in /opt/airflow/dags
[2024-03-04T22:38:57.957+0000] {manager.py:879} INFO - 
================================================================================
DAG File Processing Stats

File Path                          PID  Runtime      # DAGs    # Errors  Last Runtime    Last Run
-------------------------------  -----  ---------  --------  ----------  --------------  ----------
/opt/airflow/dags/reddit_dag.py    171  0.08s             0           0
================================================================================
[2024-03-04T22:39:28.109+0000] {manager.py:879} INFO - 
================================================================================
DAG File Processing Stats

File Path                          PID  Runtime      # DAGs    # Errors  Last Runtime    Last Run
-------------------------------  -----  ---------  --------  ----------  --------------  -------------------
/opt/airflow/dags/reddit_dag.py    195  0.01s             0           1  0.12s           2024-03-04T22:38:57
================================================================================
[2024-03-04T22:39:58.281+0000] {manager.py:879} INFO - 
================================================================================
DAG File Processing Stats

File Path                          PID  Runtime      # DAGs    # Errors  Last Runtime    Last Run
-------------------------------  -----  ---------  --------  ----------  --------------  -------------------
/opt/airflow/dags/reddit_dag.py    216  0.01s             0           1  0.06s           2024-03-04T22:39:28
================================================================================
[2024-03-04T22:40:28.463+0000] {manager.py:879} INFO - 
================================================================================
DAG File Processing Stats

File Path                          PID  Runtime      # DAGs    # Errors  Last Runtime    Last Run
-------------------------------  -----  ---------  --------  ----------  --------------  -------------------
/opt/airflow/dags/reddit_dag.py    238  0.01s             0           1  0.08s           2024-03-04T22:39:58
================================================================================
[2024-03-04T22:40:58.647+0000] {manager.py:879} INFO - 
================================================================================
DAG File Processing Stats

File Path                          PID  Runtime      # DAGs    # Errors  Last Runtime    Last Run
-------------------------------  -----  ---------  --------  ----------  --------------  -------------------
/opt/airflow/dags/reddit_dag.py    267  0.01s             0           1  0.08s           2024-03-04T22:40:28
================================================================================
[2024-03-04T22:41:28.828+0000] {manager.py:879} INFO - 
================================================================================
DAG File Processing Stats

File Path                          PID  Runtime      # DAGs    # Errors  Last Runtime    Last Run
-------------------------------  -----  ---------  --------  ----------  --------------  -------------------
/opt/airflow/dags/reddit_dag.py    289  0.01s             0           1  0.07s           2024-03-04T22:40:58
================================================================================
[2024-03-04T22:41:59.004+0000] {manager.py:879} INFO - 
================================================================================
DAG File Processing Stats

File Path                          PID  Runtime      # DAGs    # Errors  Last Runtime    Last Run
-------------------------------  -----  ---------  --------  ----------  --------------  -------------------
/opt/airflow/dags/reddit_dag.py    310  0.01s             0           1  0.07s           2024-03-04T22:41:28
================================================================================
[2024-03-04T22:42:29.185+0000] {manager.py:879} INFO - 
================================================================================
DAG File Processing Stats

File Path                          PID  Runtime      # DAGs    # Errors  Last Runtime    Last Run
-------------------------------  -----  ---------  --------  ----------  --------------  -------------------
/opt/airflow/dags/reddit_dag.py    331  0.01s             0           1  0.08s           2024-03-04T22:41:59
================================================================================
[2024-03-04T22:42:59.383+0000] {manager.py:879} INFO - 
================================================================================
DAG File Processing Stats

File Path                          PID  Runtime      # DAGs    # Errors  Last Runtime    Last Run
-------------------------------  -----  ---------  --------  ----------  --------------  -------------------
/opt/airflow/dags/reddit_dag.py    353  0.01s             0           1  0.07s           2024-03-04T22:42:29
================================================================================
[2024-03-04T22:43:29.560+0000] {manager.py:879} INFO - 
================================================================================
DAG File Processing Stats

File Path                          PID  Runtime      # DAGs    # Errors  Last Runtime    Last Run
-------------------------------  -----  ---------  --------  ----------  --------------  -------------------
/opt/airflow/dags/reddit_dag.py    382  0.01s             0           1  0.08s           2024-03-04T22:42:59
================================================================================
[2024-03-04T22:43:58.739+0000] {manager.py:738} INFO - Searching for files in /opt/airflow/dags
[2024-03-04T22:43:58.741+0000] {manager.py:741} INFO - There are 1 files in /opt/airflow/dags
[2024-03-04T22:43:59.776+0000] {manager.py:879} INFO - 
================================================================================
DAG File Processing Stats

File Path                          PID  Runtime      # DAGs    # Errors  Last Runtime    Last Run
-------------------------------  -----  ---------  --------  ----------  --------------  -------------------
/opt/airflow/dags/reddit_dag.py    404  0.01s             0           1  0.08s           2024-03-04T22:43:29
================================================================================
[2024-03-04T22:44:29.950+0000] {manager.py:879} INFO - 
================================================================================
DAG File Processing Stats

File Path                          PID  Runtime      # DAGs    # Errors  Last Runtime    Last Run
-------------------------------  -----  ---------  --------  ----------  --------------  -------------------
/opt/airflow/dags/reddit_dag.py    425  0.01s             0           1  0.08s           2024-03-04T22:43:59
================================================================================
[2024-03-04T22:45:00.140+0000] {manager.py:879} INFO - 
================================================================================
DAG File Processing Stats

File Path                          PID  Runtime      # DAGs    # Errors  Last Runtime    Last Run
-------------------------------  -----  ---------  --------  ----------  --------------  -------------------
/opt/airflow/dags/reddit_dag.py    446  0.01s             0           1  0.07s           2024-03-04T22:44:30
================================================================================
[2024-03-04T22:45:30.314+0000] {manager.py:879} INFO - 
================================================================================
DAG File Processing Stats

File Path                          PID  Runtime      # DAGs    # Errors  Last Runtime    Last Run
-------------------------------  -----  ---------  --------  ----------  --------------  -------------------
/opt/airflow/dags/reddit_dag.py    467  0.01s             0           1  0.08s           2024-03-04T22:45:00
================================================================================
[2024-03-04T22:46:00.509+0000] {manager.py:879} INFO - 
================================================================================
DAG File Processing Stats

File Path                          PID  Runtime      # DAGs    # Errors  Last Runtime    Last Run
-------------------------------  -----  ---------  --------  ----------  --------------  -------------------
/opt/airflow/dags/reddit_dag.py    498  0.01s             0           1  0.08s           2024-03-04T22:45:30
================================================================================
